{"C:\\Users\\ion91\\Desktop\\UBB\\A2-S2\\MPP\\asg\\A1\\Barrel37\\barrel37\\backend\\server.js": {"path":"C:\\Users\\ion91\\Desktop\\UBB\\A2-S2\\MPP\\asg\\A1\\Barrel37\\barrel37\\backend\\server.js","statementMap":{"0":{"start":{"line":1,"column":17},"end":{"line":1,"column":35}},"1":{"start":{"line":2,"column":30},"end":{"line":2,"column":62}},"2":{"start":{"line":3,"column":13},"end":{"line":3,"column":28}},"3":{"start":{"line":5,"column":12},"end":{"line":5,"column":21}},"4":{"start":{"line":6,"column":0},"end":{"line":6,"column":16}},"5":{"start":{"line":10,"column":17},"end":{"line":14,"column":1}},"6":{"start":{"line":16,"column":16},"end":{"line":20,"column":1}},"7":{"start":{"line":22,"column":24},"end":{"line":22,"column":28}},"8":{"start":{"line":25,"column":17},"end":{"line":63,"column":1}},"9":{"start":{"line":66,"column":18},"end":{"line":128,"column":1}},"10":{"start":{"line":69,"column":26},"end":{"line":69,"column":44}},"11":{"start":{"line":70,"column":24},"end":{"line":70,"column":37}},"12":{"start":{"line":71,"column":12},"end":{"line":75,"column":14}},"13":{"start":{"line":77,"column":26},"end":{"line":77,"column":36}},"14":{"start":{"line":78,"column":27},"end":{"line":81,"column":9}},"15":{"start":{"line":80,"column":82},"end":{"line":80,"column":98}},"16":{"start":{"line":84,"column":30},"end":{"line":84,"column":78}},"17":{"start":{"line":84,"column":51},"end":{"line":84,"column":77}},"18":{"start":{"line":87,"column":27},"end":{"line":87,"column":76}},"19":{"start":{"line":87,"column":49},"end":{"line":87,"column":75}},"20":{"start":{"line":91,"column":28},"end":{"line":91,"column":85}},"21":{"start":{"line":92,"column":12},"end":{"line":92,"column":39}},"22":{"start":{"line":93,"column":12},"end":{"line":93,"column":27}},"23":{"start":{"line":96,"column":26},"end":{"line":96,"column":63}},"24":{"start":{"line":96,"column":51},"end":{"line":96,"column":62}},"25":{"start":{"line":97,"column":12},"end":{"line":100,"column":13}},"26":{"start":{"line":98,"column":16},"end":{"line":98,"column":73}},"27":{"start":{"line":99,"column":16},"end":{"line":99,"column":40}},"28":{"start":{"line":101,"column":12},"end":{"line":101,"column":24}},"29":{"start":{"line":104,"column":12},"end":{"line":104,"column":59}},"30":{"start":{"line":104,"column":46},"end":{"line":104,"column":57}},"31":{"start":{"line":105,"column":12},"end":{"line":105,"column":22}},"32":{"start":{"line":108,"column":12},"end":{"line":124,"column":13}},"33":{"start":{"line":109,"column":16},"end":{"line":118,"column":25}},"34":{"start":{"line":110,"column":38},"end":{"line":110,"column":95}},"35":{"start":{"line":111,"column":20},"end":{"line":117,"column":23}},"36":{"start":{"line":119,"column":16},"end":{"line":119,"column":33}},"37":{"start":{"line":120,"column":19},"end":{"line":124,"column":13}},"38":{"start":{"line":121,"column":16},"end":{"line":121,"column":49}},"39":{"start":{"line":122,"column":16},"end":{"line":122,"column":41}},"40":{"start":{"line":123,"column":16},"end":{"line":123,"column":33}},"41":{"start":{"line":125,"column":12},"end":{"line":125,"column":37}},"42":{"start":{"line":130,"column":15},"end":{"line":130,"column":56}},"43":{"start":{"line":135,"column":4},"end":{"line":135,"column":25}},"44":{"start":{"line":136,"column":4},"end":{"line":136,"column":36}},"45":{"start":{"line":138,"column":4},"end":{"line":138,"column":64}},"46":{"start":{"line":138,"column":40},"end":{"line":138,"column":62}},"47":{"start":{"line":141,"column":4},"end":{"line":143,"column":5}},"48":{"start":{"line":142,"column":8},"end":{"line":142,"column":76}},"49":{"start":{"line":142,"column":31},"end":{"line":142,"column":74}},"50":{"start":{"line":146,"column":0},"end":{"line":146,"column":14}},"51":{"start":{"line":149,"column":0},"end":{"line":149,"column":33}}},"fnMap":{"0":{"name":"(anonymous_0)","decl":{"start":{"line":68,"column":15},"end":{"line":68,"column":16}},"loc":{"start":{"line":68,"column":47},"end":{"line":76,"column":9}},"line":68},"1":{"name":"(anonymous_1)","decl":{"start":{"line":77,"column":20},"end":{"line":77,"column":21}},"loc":{"start":{"line":77,"column":26},"end":{"line":77,"column":36}},"line":77},"2":{"name":"(anonymous_2)","decl":{"start":{"line":78,"column":20},"end":{"line":78,"column":21}},"loc":{"start":{"line":78,"column":27},"end":{"line":81,"column":9}},"line":78},"3":{"name":"(anonymous_3)","decl":{"start":{"line":80,"column":67},"end":{"line":80,"column":68}},"loc":{"start":{"line":80,"column":82},"end":{"line":80,"column":98}},"line":80},"4":{"name":"(anonymous_4)","decl":{"start":{"line":84,"column":18},"end":{"line":84,"column":19}},"loc":{"start":{"line":84,"column":30},"end":{"line":84,"column":78}},"line":84},"5":{"name":"(anonymous_5)","decl":{"start":{"line":84,"column":46},"end":{"line":84,"column":47}},"loc":{"start":{"line":84,"column":51},"end":{"line":84,"column":77}},"line":84},"6":{"name":"(anonymous_6)","decl":{"start":{"line":87,"column":15},"end":{"line":87,"column":16}},"loc":{"start":{"line":87,"column":27},"end":{"line":87,"column":76}},"line":87},"7":{"name":"(anonymous_7)","decl":{"start":{"line":87,"column":44},"end":{"line":87,"column":45}},"loc":{"start":{"line":87,"column":49},"end":{"line":87,"column":75}},"line":87},"8":{"name":"(anonymous_8)","decl":{"start":{"line":90,"column":17},"end":{"line":90,"column":18}},"loc":{"start":{"line":90,"column":59},"end":{"line":94,"column":9}},"line":90},"9":{"name":"(anonymous_9)","decl":{"start":{"line":95,"column":20},"end":{"line":95,"column":21}},"loc":{"start":{"line":95,"column":66},"end":{"line":102,"column":9}},"line":95},"10":{"name":"(anonymous_10)","decl":{"start":{"line":96,"column":46},"end":{"line":96,"column":47}},"loc":{"start":{"line":96,"column":51},"end":{"line":96,"column":62}},"line":96},"11":{"name":"(anonymous_11)","decl":{"start":{"line":103,"column":20},"end":{"line":103,"column":21}},"loc":{"start":{"line":103,"column":35},"end":{"line":106,"column":9}},"line":103},"12":{"name":"(anonymous_12)","decl":{"start":{"line":104,"column":41},"end":{"line":104,"column":42}},"loc":{"start":{"line":104,"column":46},"end":{"line":104,"column":57}},"line":104},"13":{"name":"(anonymous_13)","decl":{"start":{"line":107,"column":25},"end":{"line":107,"column":26}},"loc":{"start":{"line":107,"column":44},"end":{"line":126,"column":9}},"line":107},"14":{"name":"(anonymous_14)","decl":{"start":{"line":109,"column":48},"end":{"line":109,"column":49}},"loc":{"start":{"line":109,"column":54},"end":{"line":118,"column":17}},"line":109},"15":{"name":"startServer","decl":{"start":{"line":134,"column":15},"end":{"line":134,"column":26}},"loc":{"start":{"line":134,"column":29},"end":{"line":144,"column":1}},"line":134},"16":{"name":"(anonymous_16)","decl":{"start":{"line":138,"column":26},"end":{"line":138,"column":27}},"loc":{"start":{"line":138,"column":40},"end":{"line":138,"column":62}},"line":138},"17":{"name":"(anonymous_17)","decl":{"start":{"line":142,"column":25},"end":{"line":142,"column":26}},"loc":{"start":{"line":142,"column":31},"end":{"line":142,"column":74}},"line":142}},"branchMap":{"0":{"loc":{"start":{"line":68,"column":21},"end":{"line":68,"column":29}},"type":"default-arg","locations":[{"start":{"line":68,"column":28},"end":{"line":68,"column":29}}],"line":68},"1":{"loc":{"start":{"line":68,"column":31},"end":{"line":68,"column":40}},"type":"default-arg","locations":[{"start":{"line":68,"column":39},"end":{"line":68,"column":40}}],"line":68},"2":{"loc":{"start":{"line":80,"column":26},"end":{"line":80,"column":126}},"type":"cond-expr","locations":[{"start":{"line":80,"column":50},"end":{"line":80,"column":121}},{"start":{"line":80,"column":125},"end":{"line":80,"column":126}}],"line":80},"3":{"loc":{"start":{"line":97,"column":12},"end":{"line":100,"column":13}},"type":"if","locations":[{"start":{"line":97,"column":12},"end":{"line":100,"column":13}},{"start":{},"end":{}}],"line":97},"4":{"loc":{"start":{"line":108,"column":12},"end":{"line":124,"column":13}},"type":"if","locations":[{"start":{"line":108,"column":12},"end":{"line":124,"column":13}},{"start":{"line":120,"column":19},"end":{"line":124,"column":13}}],"line":108},"5":{"loc":{"start":{"line":108,"column":16},"end":{"line":108,"column":56}},"type":"binary-expr","locations":[{"start":{"line":108,"column":16},"end":{"line":108,"column":34}},{"start":{"line":108,"column":38},"end":{"line":108,"column":56}}],"line":108},"6":{"loc":{"start":{"line":120,"column":19},"end":{"line":124,"column":13}},"type":"if","locations":[{"start":{"line":120,"column":19},"end":{"line":124,"column":13}},{"start":{},"end":{}}],"line":120},"7":{"loc":{"start":{"line":141,"column":4},"end":{"line":143,"column":5}},"type":"if","locations":[{"start":{"line":141,"column":4},"end":{"line":143,"column":5}},{"start":{},"end":{}}],"line":141}},"s":{"0":1,"1":1,"2":1,"3":1,"4":1,"5":1,"6":1,"7":1,"8":1,"9":1,"10":1,"11":1,"12":1,"13":0,"14":1,"15":4,"16":0,"17":0,"18":0,"19":0,"20":1,"21":1,"22":1,"23":0,"24":0,"25":0,"26":0,"27":0,"28":0,"29":0,"30":0,"31":0,"32":0,"33":0,"34":0,"35":0,"36":0,"37":0,"38":0,"39":0,"40":0,"41":0,"42":1,"43":1,"44":1,"45":1,"46":1,"47":1,"48":0,"49":0,"50":1,"51":1},"f":{"0":1,"1":0,"2":1,"3":4,"4":0,"5":0,"6":0,"7":0,"8":1,"9":0,"10":0,"11":0,"12":0,"13":0,"14":0,"15":1,"16":1,"17":0},"b":{"0":[0],"1":[0],"2":[1,0],"3":[0,0],"4":[0,0],"5":[0,0],"6":[0,0],"7":[0,1]},"_coverageSchema":"1a1c01bbd47fc00a2c39e90264f33305004495a9","hash":"91cb4c2bac7588220002040bef5a329af18d0005"}
}
