TN:
SF:server.js
FN:68,(anonymous_0)
FN:77,(anonymous_1)
FN:78,(anonymous_2)
FN:80,(anonymous_3)
FN:84,(anonymous_4)
FN:84,(anonymous_5)
FN:87,(anonymous_6)
FN:87,(anonymous_7)
FN:90,(anonymous_8)
FN:95,(anonymous_9)
FN:96,(anonymous_10)
FN:103,(anonymous_11)
FN:104,(anonymous_12)
FN:107,(anonymous_13)
FN:109,(anonymous_14)
FN:134,startServer
FN:138,(anonymous_16)
FN:142,(anonymous_17)
FNF:18
FNH:6
FNDA:1,(anonymous_0)
FNDA:0,(anonymous_1)
FNDA:1,(anonymous_2)
FNDA:4,(anonymous_3)
FNDA:0,(anonymous_4)
FNDA:0,(anonymous_5)
FNDA:0,(anonymous_6)
FNDA:0,(anonymous_7)
FNDA:1,(anonymous_8)
FNDA:0,(anonymous_9)
FNDA:0,(anonymous_10)
FNDA:0,(anonymous_11)
FNDA:0,(anonymous_12)
FNDA:0,(anonymous_13)
FNDA:0,(anonymous_14)
FNDA:1,startServer
FNDA:1,(anonymous_16)
FNDA:0,(anonymous_17)
DA:1,1
DA:2,1
DA:3,1
DA:5,1
DA:6,1
DA:10,1
DA:16,1
DA:22,1
DA:25,1
DA:66,1
DA:69,1
DA:70,1
DA:71,1
DA:77,0
DA:78,1
DA:80,4
DA:84,0
DA:87,0
DA:91,1
DA:92,1
DA:93,1
DA:96,0
DA:97,0
DA:98,0
DA:99,0
DA:101,0
DA:104,0
DA:105,0
DA:108,0
DA:109,0
DA:110,0
DA:111,0
DA:119,0
DA:120,0
DA:121,0
DA:122,0
DA:123,0
DA:125,0
DA:130,1
DA:135,1
DA:136,1
DA:138,1
DA:141,1
DA:142,0
DA:146,1
DA:149,1
LF:46
LH:25
BRDA:68,0,0,0
BRDA:68,1,0,0
BRDA:80,2,0,1
BRDA:80,2,1,0
BRDA:97,3,0,0
BRDA:97,3,1,0
BRDA:108,4,0,0
BRDA:108,4,1,0
BRDA:108,5,0,0
BRDA:108,5,1,0
BRDA:120,6,0,0
BRDA:120,6,1,0
BRDA:141,7,0,0
BRDA:141,7,1,1
BRF:14
BRH:2
end_of_record
